*** Using Compiler 'V6.21', folder: 'E:\develop\Keil_v5\ARM\ARMCLANG\Bin'
Build target 'Target 1'
compiling stm32f10x_cec.c...
compiling stm32f10x_it.c...
compiling stm32f10x_crc.c...
compiling stm32f10x_dac.c...
compiling stm32f10x_dbgmcu.c...
compiling misc.c...
compiling system_stm32f10x.c...
compiling main.c...
compiling Sys_tik.c...
compiling stm32f10x_adc.c...
compiling stm32f10x_bkp.c...
compiling Board_init.c...
compiling stm32f10x_can.c...
compiling stm32f10x_dma.c...
compiling stm32f10x_exti.c...
compiling stm32f10x_flash.c...
compiling stm32f10x_fsmc.c...
compiling stm32f10x_iwdg.c...
compiling stm32f10x_i2c.c...
compiling stm32f10x_gpio.c...
compiling stm32f10x_pwr.c...
compiling stm32f10x_rtc.c...
compiling stm32f10x_rcc.c...
compiling stm32f10x_sdio.c...
compiling stm32f10x_spi.c...
compiling stm32f10x_usart.c...
compiling stm32f10x_wwdg.c...
compiling stm32f10x_tim.c...
linking...
Program Size: Code=1040 RO-data=268 RW-data=4 ZI-data=1636  
".\Objects\STM_Standard_Work.axf" - 0 Error(s), 0 Warning(s).
Build Time Elapsed:  00:00:01
